Wearable/build/outputs/logs/manifest-merger-debug-report.txt
-- Merging decision tree log ---
manifest
ADDED from src\main\AndroidManifest.xml:16:1-106:12
INJECTED from src\main\AndroidManifest.xml:16:1-106:12
INJECTED from src\main\AndroidManifest.xml:16:1-106:12
MERGED from [com.google.android.gms:play-services-wearable:11.8.0] AndroidManifest.xml:17:1-24:12
MERGED from [com.android.support:support-v13:27.0.2] AndroidManifest.xml:17:1-22:12
MERGED from [com.google.android.support:wearable:2.2.0] AndroidManifest.xml:2:1-15:12
MERGED from [com.android.support:wear:27.1.0] AndroidManifest.xml:17:1-22:12
MERGED from [com.google.android.gms:play-services-base:11.8.0] AndroidManifest.xml:17:1-29:12
MERGED from [com.google.android.gms:play-services-tasks:11.8.0] AndroidManifest.xml:2:1-9:12
MERGED from [com.google.android.gms:play-services-basement:11.8.0] AndroidManifest.xml:17:1-28:12
MERGED from [com.google.android.gms:play-services-wearable-license:11.8.0] AndroidManifest.xml:2:1-6:12
MERGED from [com.android.support:support-v4:27.0.2] AndroidManifest.xml:17:1-22:12
MERGED from [com.android.support:support-media-compat:27.0.2] AndroidManifest.xml:17:1-22:12
MERGED from [com.android.support:recyclerview-v7:27.1.0] AndroidManifest.xml:17:1-22:12
MERGED from [com.android.support:percent:26.0.2] AndroidManifest.xml:17:1-28:12
MERGED from [com.android.support:support-fragment:27.1.0] AndroidManifest.xml:17:1-22:12
MERGED from [com.android.support:support-core-ui:27.1.0] AndroidManifest.xml:17:1-22:12
MERGED from [com.android.support:support-core-utils:27.1.0] AndroidManifest.xml:17:1-22:12
MERGED from [com.android.support:support-compat:27.1.0] AndroidManifest.xml:17:1-22:12
MERGED from [com.android.support.constraint:constraint-layout:1.0.2] AndroidManifest.xml:2:1-11:12
MERGED from [com.google.android.gms:play-services-base-license:11.8.0] AndroidManifest.xml:2:1-6:12
MERGED from [com.google.android.gms:play-services-basement-license:11.8.0] AndroidManifest.xml:2:1-6:12
MERGED from [com.google.android.gms:play-services-tasks-license:11.8.0] AndroidManifest.xml:2:1-6:12
MERGED from [android.arch.lifecycle:livedata-core:1.1.0] AndroidManifest.xml:17:1-22:12
MERGED from [android.arch.lifecycle:viewmodel:1.1.0] AndroidManifest.xml:17:1-22:12
MERGED from [android.arch.lifecycle:runtime:1.1.0] AndroidManifest.xml:17:1-22:12
MERGED from [android.arch.core:runtime:1.1.0] AndroidManifest.xml:17:1-22:12
INJECTED from src\main\AndroidManifest.xml:16:1-106:12
INJECTED from src\main\AndroidManifest.xml:16:1-106:12
	package
		ADDED from src\main\AndroidManifest.xml:17:5-54
	android:versionName
		INJECTED from src\main\AndroidManifest.xml
		ADDED from src\main\AndroidManifest.xml:16:1-106:12
		INJECTED from src\main\AndroidManifest.xml
	android:versionCode
		INJECTED from src\main\AndroidManifest.xml
		ADDED from src\main\AndroidManifest.xml:16:1-106:12
		INJECTED from src\main\AndroidManifest.xml
	xmlns:android
		ADDED from src\main\AndroidManifest.xml:16:11-69
uses-sdk
ADDED from src\main\AndroidManifest.xml:19:5-21:41
INJECTED from src\main\AndroidManifest.xml:19:5-21:41
INJECTED from src\main\AndroidManifest.xml:19:5-21:41
MERGED from [com.google.android.gms:play-services-wearable:11.8.0] AndroidManifest.xml:20:5-44
MERGED from [com.google.android.gms:play-services-wearable:11.8.0] AndroidManifest.xml:20:5-44
MERGED from [com.android.support:support-v13:27.0.2] AndroidManifest.xml:20:5-44
MERGED from [com.android.support:support-v13:27.0.2] AndroidManifest.xml:20:5-44
MERGED from [com.google.android.support:wearable:2.2.0] AndroidManifest.xml:5:5-7:41
MERGED from [com.google.android.support:wearable:2.2.0] AndroidManifest.xml:5:5-7:41
MERGED from [com.android.support:wear:27.1.0] AndroidManifest.xml:20:5-44
MERGED from [com.android.support:wear:27.1.0] AndroidManifest.xml:20:5-44
MERGED from [com.google.android.gms:play-services-base:11.8.0] AndroidManifest.xml:20:5-44
MERGED from [com.google.android.gms:play-services-base:11.8.0] AndroidManifest.xml:20:5-44
MERGED from [com.google.android.gms:play-services-tasks:11.8.0] AndroidManifest.xml:5:5-44
MERGED from [com.google.android.gms:play-services-tasks:11.8.0] AndroidManifest.xml:5:5-44
MERGED from [com.google.android.gms:play-services-basement:11.8.0] AndroidManifest.xml:20:5-44
MERGED from [com.google.android.gms:play-services-basement:11.8.0] AndroidManifest.xml:20:5-44
MERGED from [com.google.android.gms:play-services-wearable-license:11.8.0] AndroidManifest.xml:4:5-43
MERGED from [com.google.android.gms:play-services-wearable-license:11.8.0] AndroidManifest.xml:4:5-43
MERGED from [com.android.support:support-v4:27.0.2] AndroidManifest.xml:20:5-44
MERGED from [com.android.support:support-v4:27.0.2] AndroidManifest.xml:20:5-44
MERGED from [com.android.support:support-media-compat:27.0.2] AndroidManifest.xml:20:5-44
MERGED from [com.android.support:support-media-compat:27.0.2] AndroidManifest.xml:20:5-44
MERGED from [com.android.support:recyclerview-v7:27.1.0] AndroidManifest.xml:20:5-44
MERGED from [com.android.support:recyclerview-v7:27.1.0] AndroidManifest.xml:20:5-44
MERGED from [com.android.support:percent:26.0.2] AndroidManifest.xml:20:5-44
MERGED from [com.android.support:percent:26.0.2] AndroidManifest.xml:20:5-44
MERGED from [com.android.support:support-fragment:27.1.0] AndroidManifest.xml:20:5-44
MERGED from [com.android.support:support-fragment:27.1.0] AndroidManifest.xml:20:5-44
MERGED from [com.android.support:support-core-ui:27.1.0] AndroidManifest.xml:20:5-44
MERGED from [com.android.support:support-core-ui:27.1.0] AndroidManifest.xml:20:5-44
MERGED from [com.android.support:support-core-utils:27.1.0] AndroidManifest.xml:20:5-44
MERGED from [com.android.support:support-core-utils:27.1.0] AndroidManifest.xml:20:5-44
MERGED from [com.android.support:support-compat:27.1.0] AndroidManifest.xml:20:5-44
MERGED from [com.android.support:support-compat:27.1.0] AndroidManifest.xml:20:5-44
MERGED from [com.android.support.constraint:constraint-layout:1.0.2] AndroidManifest.xml:5:5-7:41
MERGED from [com.android.support.constraint:constraint-layout:1.0.2] AndroidManifest.xml:5:5-7:41
MERGED from [com.google.android.gms:play-services-base-license:11.8.0] AndroidManifest.xml:4:5-43
MERGED from [com.google.android.gms:play-services-base-license:11.8.0] AndroidManifest.xml:4:5-43
MERGED from [com.google.android.gms:play-services-basement-license:11.8.0] AndroidManifest.xml:4:5-43
MERGED from [com.google.android.gms:play-services-basement-license:11.8.0] AndroidManifest.xml:4:5-43
MERGED from [com.google.android.gms:play-services-tasks-license:11.8.0] AndroidManifest.xml:4:5-43
MERGED from [com.google.android.gms:play-services-tasks-license:11.8.0] AndroidManifest.xml:4:5-43
MERGED from [android.arch.lifecycle:livedata-core:1.1.0] AndroidManifest.xml:20:5-44
MERGED from [android.arch.lifecycle:livedata-core:1.1.0] AndroidManifest.xml:20:5-44
MERGED from [android.arch.lifecycle:viewmodel:1.1.0] AndroidManifest.xml:20:5-44
MERGED from [android.arch.lifecycle:viewmodel:1.1.0] AndroidManifest.xml:20:5-44
MERGED from [android.arch.lifecycle:runtime:1.1.0] AndroidManifest.xml:20:5-44
MERGED from [android.arch.lifecycle:runtime:1.1.0] AndroidManifest.xml:20:5-44
MERGED from [android.arch.core:runtime:1.1.0] AndroidManifest.xml:20:5-44
MERGED from [android.arch.core:runtime:1.1.0] AndroidManifest.xml:20:5-44
INJECTED from src\main\AndroidManifest.xml:19:5-21:41
INJECTED from src\main\AndroidManifest.xml:19:5-21:41
	android:targetSdkVersion
		ADDED from src\main\AndroidManifest.xml:21:9-38
		INJECTED from src\main\AndroidManifest.xml
		INJECTED from src\main\AndroidManifest.xml
	android:minSdkVersion
		ADDED from src\main\AndroidManifest.xml:20:9-35
		INJECTED from src\main\AndroidManifest.xml
		INJECTED from src\main\AndroidManifest.xml
uses-feature#android.hardware.type.watch
ADDED from src\main\AndroidManifest.xml:23:5-64
	android:name
		ADDED from src\main\AndroidManifest.xml:23:19-61
uses-permission#android.permission.WRITE_EXTERNAL_STORAGE
ADDED from src\main\AndroidManifest.xml:25:5-81
	android:name
		ADDED from src\main\AndroidManifest.xml:25:22-78
uses-permission#android.permission.READ_PHONE_STATE
ADDED from src\main\AndroidManifest.xml:26:5-75
	android:name
		ADDED from src\main\AndroidManifest.xml:26:22-72
uses-permission#android.permission.READ_EXTERNAL_STORAGE
ADDED from src\main\AndroidManifest.xml:27:5-80
	android:name
		ADDED from src\main\AndroidManifest.xml:27:22-77
uses-permission#android.permission.WAKE_LOCK
ADDED from src\main\AndroidManifest.xml:28:5-68
	android:name
		ADDED from src\main\AndroidManifest.xml:28:22-65
application
ADDED from src\main\AndroidManifest.xml:30:5-104:19
MERGED from [com.google.android.gms:play-services-wearable:11.8.0] AndroidManifest.xml:22:5-20
MERGED from [com.google.android.gms:play-services-wearable:11.8.0] AndroidManifest.xml:22:5-20
MERGED from [com.google.android.support:wearable:2.2.0] AndroidManifest.xml:9:5-13:19
MERGED from [com.google.android.support:wearable:2.2.0] AndroidManifest.xml:9:5-13:19
MERGED from [com.google.android.gms:play-services-base:11.8.0] AndroidManifest.xml:22:5-27:19
MERGED from [com.google.android.gms:play-services-base:11.8.0] AndroidManifest.xml:22:5-27:19
MERGED from [com.google.android.gms:play-services-tasks:11.8.0] AndroidManifest.xml:7:5-20
MERGED from [com.google.android.gms:play-services-tasks:11.8.0] AndroidManifest.xml:7:5-20
MERGED from [com.google.android.gms:play-services-basement:11.8.0] AndroidManifest.xml:22:5-26:19
MERGED from [com.google.android.gms:play-services-basement:11.8.0] AndroidManifest.xml:22:5-26:19
MERGED from [com.google.android.gms:play-services-wearable-license:11.8.0] AndroidManifest.xml:5:5-20
MERGED from [com.google.android.gms:play-services-wearable-license:11.8.0] AndroidManifest.xml:5:5-20
MERGED from [com.android.support:percent:26.0.2] AndroidManifest.xml:22:5-26:19
MERGED from [com.android.support:percent:26.0.2] AndroidManifest.xml:22:5-26:19
MERGED from [com.android.support.constraint:constraint-layout:1.0.2] AndroidManifest.xml:9:5-20
MERGED from [com.android.support.constraint:constraint-layout:1.0.2] AndroidManifest.xml:9:5-20
MERGED from [com.google.android.gms:play-services-base-license:11.8.0] AndroidManifest.xml:5:5-20
MERGED from [com.google.android.gms:play-services-base-license:11.8.0] AndroidManifest.xml:5:5-20
MERGED from [com.google.android.gms:play-services-basement-license:11.8.0] AndroidManifest.xml:5:5-20
MERGED from [com.google.android.gms:play-services-basement-license:11.8.0] AndroidManifest.xml:5:5-20
MERGED from [com.google.android.gms:play-services-tasks-license:11.8.0] AndroidManifest.xml:5:5-20
MERGED from [com.google.android.gms:play-services-tasks-license:11.8.0] AndroidManifest.xml:5:5-20
	android:label
		ADDED from src\main\AndroidManifest.xml:33:9-41
	android:icon
		ADDED from src\main\AndroidManifest.xml:32:9-45
	android:allowBackup
		ADDED from src\main\AndroidManifest.xml:31:9-35
	android:theme
		ADDED from src\main\AndroidManifest.xml:34:9-60
activity#com.example.android.google.wearable.app.MainActivity
ADDED from src\main\AndroidManifest.xml:35:9-48:20
	android:label
		ADDED from src\main\AndroidManifest.xml:37:13-45
	android:name
		ADDED from src\main\AndroidManifest.xml:36:13-41
intent-filter#android.intent.action.MAIN+android.intent.category.LAUNCHER
ADDED from src\main\AndroidManifest.xml:38:13-42:29
action#android.intent.action.MAIN
ADDED from src\main\AndroidManifest.xml:39:17-69
	android:name
		ADDED from src\main\AndroidManifest.xml:39:25-66
category#android.intent.category.LAUNCHER
ADDED from src\main\AndroidManifest.xml:41:17-77
	android:name
		ADDED from src\main\AndroidManifest.xml:41:27-74
intent-filter#android.intent.category.DEFAULT+com.google.android.clockwork.example.SKELETON
ADDED from src\main\AndroidManifest.xml:43:13-47:29
action#com.google.android.clockwork.example.SKELETON
ADDED from src\main\AndroidManifest.xml:44:17-88
	android:name
		ADDED from src\main\AndroidManifest.xml:44:25-85
category#android.intent.category.DEFAULT
ADDED from src\main\AndroidManifest.xml:46:17-76
	android:name
		ADDED from src\main\AndroidManifest.xml:46:27-73
activity#com.example.android.google.wearable.app.GridExampleActivity
ADDED from src\main\AndroidManifest.xml:49:9-55:20
	android:name
		ADDED from src\main\AndroidManifest.xml:49:19-54
intent-filter#android.intent.category.DEFAULT+com.example.android.google.wearable.app.GRID_ACTIVITY
ADDED from src\main\AndroidManifest.xml:50:13-54:29
action#com.example.android.google.wearable.app.GRID_ACTIVITY
ADDED from src\main\AndroidManifest.xml:51:17-96
	android:name
		ADDED from src\main\AndroidManifest.xml:51:25-93
uses-library#com.google.android.wearable
ADDED from src\main\AndroidManifest.xml:57:9-59:39
MERGED from [com.google.android.support:wearable:2.2.0] AndroidManifest.xml:10:9-12:40
MERGED from [com.google.android.support:wearable:2.2.0] AndroidManifest.xml:10:9-12:40
	android:required
		ADDED from src\main\AndroidManifest.xml:59:13-36
	android:name
		ADDED from src\main\AndroidManifest.xml:58:13-55
meta-data#com.google.android.wearable.standalone
ADDED from src\main\AndroidManifest.xml:64:9-66:36
	android:value
		ADDED from src\main\AndroidManifest.xml:66:13-33
	android:name
		ADDED from src\main\AndroidManifest.xml:65:13-66
activity#com.example.android.google.wearable.app.StartScreen
ADDED from src\main\AndroidManifest.xml:68:9-76:20
	android:label
		ADDED from src\main\AndroidManifest.xml:70:13-64
	android:name
		ADDED from src\main\AndroidManifest.xml:69:13-40
activity#com.example.android.google.wearable.app.show_list_function
ADDED from src\main\AndroidManifest.xml:77:9-85:20
	android:label
		ADDED from src\main\AndroidManifest.xml:79:13-70
	android:name
		ADDED from src\main\AndroidManifest.xml:78:13-47
activity#com.example.android.google.wearable.app.balanceactivity
ADDED from src\main\AndroidManifest.xml:86:9-94:20
	android:label
		ADDED from src\main\AndroidManifest.xml:88:13-67
	android:name
		ADDED from src\main\AndroidManifest.xml:87:13-44
activity#com.example.android.google.wearable.app.actvity_pay
ADDED from src\main\AndroidManifest.xml:95:9-103:20
	android:label
		ADDED from src\main\AndroidManifest.xml:97:13-63
	android:name
		ADDED from src\main\AndroidManifest.xml:96:13-40
activity#com.google.android.gms.common.api.GoogleApiActivity
ADDED from [com.google.android.gms:play-services-base:11.8.0] AndroidManifest.xml:23:9-26:75
	android:exported
		ADDED from [com.google.android.gms:play-services-base:11.8.0] AndroidManifest.xml:25:13-37
	android:theme
		ADDED from [com.google.android.gms:play-services-base:11.8.0] AndroidManifest.xml:26:13-72
	android:name
		ADDED from [com.google.android.gms:play-services-base:11.8.0] AndroidManifest.xml:24:13-79
meta-data#com.google.android.gms.version
ADDED from [com.google.android.gms:play-services-basement:11.8.0] AndroidManifest.xml:23:9-25:69
	android:value
		ADDED from [com.google.android.gms:play-services-basement:11.8.0] AndroidManifest.xml:25:13-66
	android:name
		ADDED from [com.google.android.gms:play-services-basement:11.8.0] AndroidManifest.xml:24:13-58
meta-data#android.support.VERSION
ADDED from [com.android.support:percent:26.0.2] AndroidManifest.xml:23:9-25:38
	android:value
		ADDED from [com.android.support:percent:26.0.2] AndroidManifest.xml:25:13-35
	android:name
		ADDED from [com.android.support:percent:26.0.2] AndroidManifest.xml:24:13-51